This is pdfTeX, Version 3.14159265-2.6-1.40.21 (TeX Live 2020/Arch Linux) (preloaded format=pdflatex 2020.7.5)  12 AUG 2020 21:48
entering extended mode
 restricted \write18 enabled.
 %&-line parsing enabled.
**print.tex
(./print.tex
LaTeX2e <2020-02-02> patch level 5
L3 programming layer <2020-06-03>
(/usr/share/texmf-dist/tex/latex/base/article.cls
Document Class: article 2019/12/20 v1.4l Standard LaTeX document class
(/usr/share/texmf-dist/tex/latex/base/size10.clo
File: size10.clo 2019/12/20 v1.4l Standard LaTeX file (size option)
)
\c@part=\count167
\c@section=\count168
\c@subsection=\count169
\c@subsubsection=\count170
\c@paragraph=\count171
\c@subparagraph=\count172
\c@figure=\count173
\c@table=\count174
\abovecaptionskip=\skip47
\belowcaptionskip=\skip48
\bibindent=\dimen134
)
(/usr/share/texmf-dist/tex/latex/geometry/geometry.sty
Package: geometry 2020/01/02 v5.9 Page Geometry

(/usr/share/texmf-dist/tex/latex/graphics/keyval.sty
Package: keyval 2014/10/28 v1.15 key=value parser (DPC)
\KV@toks@=\toks15
)
(/usr/share/texmf-dist/tex/generic/iftex/ifvtex.sty
Package: ifvtex 2019/10/25 v1.7 ifvtex legacy package. Use iftex instead.

(/usr/share/texmf-dist/tex/generic/iftex/iftex.sty
Package: iftex 2020/03/06 v1.0d TeX engine tests
))
\Gm@cnth=\count175
\Gm@cntv=\count176
\c@Gm@tempcnt=\count177
\Gm@bindingoffset=\dimen135
\Gm@wd@mp=\dimen136
\Gm@odd@mp=\dimen137
\Gm@even@mp=\dimen138
\Gm@layoutwidth=\dimen139
\Gm@layoutheight=\dimen140
\Gm@layouthoffset=\dimen141
\Gm@layoutvoffset=\dimen142
\Gm@dimlist=\toks16
)
(/usr/share/texmf-dist/tex/latex/base/inputenc.sty
Package: inputenc 2018/08/11 v1.3c Input encoding file
\inpenc@prehook=\toks17
\inpenc@posthook=\toks18
)
(/usr/share/texmf-dist/tex/latex/base/fontenc.sty
Package: fontenc 2020/02/11 v2.0o Standard LaTeX package
)
(/usr/share/texmf-dist/tex/generic/babel/babel.sty
Package: babel 2020/05/13 3.44 The Babel package

(/usr/share/texmf-dist/tex/generic/babel/babel.def
File: babel.def 2020/05/13 3.44 Babel common definitions
\babel@savecnt=\count178
\U@D=\dimen143
\l@babelnohyphens=\language86

(/usr/share/texmf-dist/tex/generic/babel/txtbabel.def)
\bbl@readstream=\read2
)
\bbl@dirlevel=\count179

(/usr/share/texmf-dist/tex/generic/babel-english/english.ldf
Language: english 2017/06/06 v3.3r English support from the babel system
Package babel Info: \l@canadian = using hyphenrules for english
(babel)             (\language0) on input line 102.
Package babel Info: \l@australian = using hyphenrules for ukenglish
(babel)             (\language21) on input line 105.
Package babel Info: \l@newzealand = using hyphenrules for ukenglish
(babel)             (\language21) on input line 108.
)
(/usr/share/texmf-dist/tex/generic/babel-slovenian/slovene.ldf
Language: slovene 2005/03/31 v1.2m Slovene support from the babel system
Package babel Info: Making " an active character on input line 79.
))
(/usr/share/texmf-dist/tex/latex/amsmath/amsmath.sty
Package: amsmath 2020/01/20 v2.17e AMS math features
\@mathmargin=\skip49

For additional information on amsmath, use the `?' option.
(/usr/share/texmf-dist/tex/latex/amsmath/amstext.sty
Package: amstext 2000/06/29 v2.01 AMS text

(/usr/share/texmf-dist/tex/latex/amsmath/amsgen.sty
File: amsgen.sty 1999/11/30 v2.0 generic functions
\@emptytoks=\toks19
\ex@=\dimen144
))
(/usr/share/texmf-dist/tex/latex/amsmath/amsbsy.sty
Package: amsbsy 1999/11/29 v1.2d Bold Symbols
\pmbraise@=\dimen145
)
(/usr/share/texmf-dist/tex/latex/amsmath/amsopn.sty
Package: amsopn 2016/03/08 v2.02 operator names
)
\inf@bad=\count180
LaTeX Info: Redefining \frac on input line 227.
\uproot@=\count181
\leftroot@=\count182
LaTeX Info: Redefining \overline on input line 389.
\classnum@=\count183
\DOTSCASE@=\count184
LaTeX Info: Redefining \ldots on input line 486.
LaTeX Info: Redefining \dots on input line 489.
LaTeX Info: Redefining \cdots on input line 610.
\Mathstrutbox@=\box45
\strutbox@=\box46
\big@size=\dimen146
LaTeX Font Info:    Redeclaring font encoding OML on input line 733.
LaTeX Font Info:    Redeclaring font encoding OMS on input line 734.
\macc@depth=\count185
\c@MaxMatrixCols=\count186
\dotsspace@=\muskip16
\c@parentequation=\count187
\dspbrk@lvl=\count188
\tag@help=\toks20
\row@=\count189
\column@=\count190
\maxfields@=\count191
\andhelp@=\toks21
\eqnshift@=\dimen147
\alignsep@=\dimen148
\tagshift@=\dimen149
\tagwidth@=\dimen150
\totwidth@=\dimen151
\lineht@=\dimen152
\@envbody=\toks22
\multlinegap=\skip50
\multlinetaggap=\skip51
\mathdisplay@stack=\toks23
LaTeX Info: Redefining \[ on input line 2859.
LaTeX Info: Redefining \] on input line 2860.
)
(/usr/share/texmf-dist/tex/latex/amsfonts/amsfonts.sty
Package: amsfonts 2013/01/14 v3.01 Basic AMSFonts support
\symAMSa=\mathgroup4
\symAMSb=\mathgroup5
LaTeX Font Info:    Redeclaring math symbol \hbar on input line 98.
LaTeX Font Info:    Overwriting math alphabet `\mathfrak' in version `bold'
(Font)                  U/euf/m/n --> U/euf/b/n on input line 106.
)
(/usr/share/texmf-dist/tex/latex/amscls/amsthm.sty
Package: amsthm 2020/05/29 v2.20.6
\thm@style=\toks24
\thm@bodyfont=\toks25
\thm@headfont=\toks26
\thm@notefont=\toks27
\thm@headpunct=\toks28
\thm@preskip=\skip52
\thm@postskip=\skip53
\thm@headsep=\skip54
\dth@everypar=\toks29
)
(/usr/share/texmf-dist/tex/latex/amsfonts/amssymb.sty
Package: amssymb 2013/01/14 v3.01 AMS font symbols
)
(/usr/share/texmf-dist/tex/latex/jknapltx/mathrsfs.sty
Package: mathrsfs 1996/01/01 Math RSFS package v1.0 (jk)
\symrsfs=\mathgroup6
)
(/usr/share/texmf-dist/tex/latex/mathtools/empheq.sty
Package: empheq 2017/03/31 v2.15 Emphasizing equations

(/usr/share/texmf-dist/tex/latex/mathtools/mhsetup.sty
Package: mhsetup 2017/03/31 v1.3 programming setup (MH)
)
(/usr/share/texmf-dist/tex/latex/mathtools/mathtools.sty
Package: mathtools 2020/03/24 v1.24 mathematical typesetting tools

(/usr/share/texmf-dist/tex/latex/tools/calc.sty
Package: calc 2017/05/25 v4.3 Infix arithmetic (KKT,FJ)
\calc@Acount=\count192
\calc@Bcount=\count193
\calc@Adimen=\dimen153
\calc@Bdimen=\dimen154
\calc@Askip=\skip55
\calc@Bskip=\skip56
LaTeX Info: Redefining \setlength on input line 80.
LaTeX Info: Redefining \addtolength on input line 81.
\calc@Ccount=\count194
\calc@Cskip=\skip57
)
LaTeX Info: Thecontrolsequence`\('isalreadyrobust on input line 130.
LaTeX Info: Thecontrolsequence`\)'isalreadyrobust on input line 130.
LaTeX Info: Thecontrolsequence`\['isalreadyrobust on input line 130.
LaTeX Info: Thecontrolsequence`\]'isalreadyrobust on input line 130.
\g_MT_multlinerow_int=\count195
\l_MT_multwidth_dim=\dimen155
\origjot=\skip58
\l_MT_shortvdotswithinadjustabove_dim=\dimen156
\l_MT_shortvdotswithinadjustbelow_dim=\dimen157
\l_MT_above_intertext_sep=\dimen158
\l_MT_below_intertext_sep=\dimen159
\l_MT_above_shortintertext_sep=\dimen160
\l_MT_below_shortintertext_sep=\dimen161
\xmathstrut@box=\box47
\xmathstrut@dim=\dimen162
)
\l_EQ_equationtype_int=\count196
\l_EQ_alignmentmode_int=\count197
\l_EQ_totalwidth_dim=\dimen163
\l_EQ_displaywidth_dim=\dimen164
\l_EQ_temp_linewidth_dim=\dimen165
\l_EQ_linewidth_dim=\dimen166
\EmphEqdelimitershortfall=\dimen167
\EmphEqdelimiterfactor=\count198
\g_EQ_toptag_height_dim=\dimen168
\g_EQ_bottomtag_depth_dim=\dimen169
\g_EQ_toprow_height_dim=\dimen170
\g_EQ_bottomrow_depth_dim=\dimen171
\g_EQ_widesttag_dim=\dimen172
\EQ_mathdisplay_box=\box48
\EQ_tag_box=\box49
\g_EQ_temprow_int=\count199
)
(/usr/share/texmf-dist/tex/latex/bbold/bbold.sty
Package: bbold 1994/04/06 Bbold symbol package
LaTeX Font Info:    Redeclaring math alphabet \mathbb on input line 42.
)
(/usr/share/texmf-dist/tex/latex/doublestroke/dsfont.sty
Package: dsfont 1995/08/01 v0.1 Double stroke roman fonts
)
(/usr/share/texmf-dist/tex/latex/wrapfig/wrapfig.sty
\wrapoverhang=\dimen173
\WF@size=\dimen174
\c@WF@wrappedlines=\count266
\WF@box=\box50
\WF@everypar=\toks30
Package: wrapfig 2003/01/31  v 3.6
)
(/usr/share/texmf-dist/tex/latex/graphics/graphicx.sty
Package: graphicx 2019/11/30 v1.2a Enhanced LaTeX Graphics (DPC,SPQR)

(/usr/share/texmf-dist/tex/latex/graphics/graphics.sty
Package: graphics 2019/11/30 v1.4a Standard LaTeX Graphics (DPC,SPQR)

(/usr/share/texmf-dist/tex/latex/graphics/trig.sty
Package: trig 2016/01/03 v1.10 sin cos tan (DPC)
)
(/usr/share/texmf-dist/tex/latex/graphics-cfg/graphics.cfg
File: graphics.cfg 2016/06/04 v1.11 sample graphics configuration
)
Package graphics Info: Driver file: pdftex.def on input line 105.

(/usr/share/texmf-dist/tex/latex/graphics-def/pdftex.def
File: pdftex.def 2018/01/08 v1.0l Graphics/color driver for pdftex
))
\Gin@req@height=\dimen175
\Gin@req@width=\dimen176
)
(/usr/share/texmf-dist/tex/latex/url/url.sty
\Urlmuskip=\muskip17
Package: url 2013/09/16  ver 3.4  Verb mode for urls, etc.
)
(/usr/share/texmf-dist/tex/latex/caption/caption.sty
Package: caption 2020/05/10 v3.4j Customizing captions (AR)

(/usr/share/texmf-dist/tex/latex/caption/caption3.sty
Package: caption3 2020/05/10 v1.11 caption3 kernel (AR)
Package caption3 Info: TeX engine: e-TeX on input line 61.
\captionmargin=\dimen177
\captionmargin@=\dimen178
\captionwidth=\dimen179
\caption@tempdima=\dimen180
\caption@indent=\dimen181
\caption@parindent=\dimen182
\caption@hangindent=\dimen183
Package caption Info: Standard document class detected.
)
\c@caption@flags=\count267
\c@continuedfloat=\count268
Package caption Info: wrapfig package is loaded.
)
(/usr/share/texmf-dist/tex/latex/caption/subcaption.sty
Package: subcaption 2020/01/22 v1.3d Sub-captions (AR)
\c@subfigure=\count269
\c@subtable=\count270
)
(/usr/share/texmf-dist/tex/latex/tools/tabularx.sty
Package: tabularx 2020/01/15 v2.11c `tabularx' package (DPC)

(/usr/share/texmf-dist/tex/latex/tools/array.sty
Package: array 2019/08/31 v2.4l Tabular extension package (FMi)
\col@sep=\dimen184
\ar@mcellbox=\box51
\extrarowheight=\dimen185
\NC@list=\toks31
\extratabsurround=\skip59
\backup@length=\skip60
\ar@cellbox=\box52
)
\TX@col@width=\dimen186
\TX@old@table=\dimen187
\TX@old@col=\dimen188
\TX@target=\dimen189
\TX@delta=\dimen190
\TX@cols=\count271
\TX@ftn=\toks32
)
(/usr/share/texmf-dist/tex/latex/float/float.sty
Package: float 2001/11/08 v1.3d Float enhancements (AL)
\c@float@type=\count272
\float@exts=\toks33
\float@box=\box53
\@float@everytoks=\toks34
\@floatcapt=\box54
)
(/usr/share/texmf-dist/tex/latex/siunitx/siunitx.sty
(/usr/share/texmf-dist/tex/latex/l3kernel/expl3.sty
Package: expl3 2020-06-03 L3 programming layer (loader) 

(/usr/share/texmf-dist/tex/latex/l3backend/l3backend-pdfmode.def
File: l3backend-pdfmode.def 2020-06-03 L3 backend support: PDF mode
\l__kernel_color_stack_int=\count273
\l__pdf_internal_box=\box55
))
(/usr/share/texmf-dist/tex/latex/l3packages/xparse/xparse.sty
Package: xparse 2020-05-15 L3 Experimental document command parser

(/usr/share/texmf-dist/tex/latex/l3packages/xparse/xparse-generic.tex
\l__xparse_current_arg_int=\count274
\g__xparse_grabber_int=\count275
\l__xparse_m_args_int=\count276
\l__xparse_v_nesting_int=\count277
))
Package: siunitx 2020/02/25 v2.8b A comprehensive (SI) units package

(/usr/share/texmf-dist/tex/latex/l3packages/l3keys2e/l3keys2e.sty
Package: l3keys2e 2020-05-15 LaTeX2e option processing using LaTeX3 keys
)
\l__siunitx_tmp_box=\box56
\l__siunitx_tmp_dim=\dimen191
\l__siunitx_tmp_int=\count278
\l__siunitx_number_mantissa_length_int=\count279
\l__siunitx_number_uncert_length_int=\count280
\l__siunitx_round_int=\count281
\l__siunitx_process_decimal_int=\count282
\l__siunitx_process_uncertainty_int=\count283
\l__siunitx_process_fixed_int=\count284
\l__siunitx_process_integer_min_int=\count285
\l__siunitx_process_precision_int=\count286
\l__siunitx_group_min_int=\count287
\l__siunitx_angle_marker_box=\box57
\l__siunitx_angle_unit_box=\box58
\l__siunitx_angle_marker_dim=\dimen192
\l__siunitx_angle_unit_dim=\dimen193
\l__siunitx_unit_int=\count288
\l__siunitx_unit_denominator_int=\count289
\l__siunitx_unit_numerator_int=\count290
\l__siunitx_unit_prefix_int=\count291
\l__siunitx_unit_prefix_base_int=\count292
\l__siunitx_unit_prefix_gram_int=\count293
\l__siunitx_number_product_int=\count294
\c__siunitx_one_fill_skip=\skip61
\l__siunitx_table_unit_align_skip=\skip62
\l__siunitx_table_exponent_dim=\dimen194
\l__siunitx_table_integer_dim=\dimen195
\l__siunitx_table_mantissa_dim=\dimen196
\l__siunitx_table_marker_dim=\dimen197
\l__siunitx_table_result_dim=\dimen198
\l__siunitx_table_uncert_dim=\dimen199
\l__siunitx_table_fill_pre_dim=\dimen256
\l__siunitx_table_fill_post_dim=\dimen257
\l__siunitx_table_fill_mid_dim=\dimen258
\l__siunitx_table_pre_box=\box59
\l__siunitx_table_post_box=\box60
\l__siunitx_table_mantissa_box=\box61
\l__siunitx_table_result_box=\box62
\l__siunitx_table_number_align_skip=\skip63
\l__siunitx_table_text_align_skip=\skip64

(/usr/share/texmf-dist/tex/latex/translator/translator.sty
Package: translator 2019-05-31 v1.12a Easy translation of strings in LaTeX
))
(/usr/share/texmf-dist/tex/latex/standalone/standalone.sty
Package: standalone 2018/03/26 v1.3a Package to include TeX sub-files with prea
mbles

(/usr/share/texmf-dist/tex/latex/tools/shellesc.sty
Package: shellesc 2019/11/08 v1.0c unified shell escape interface for LaTeX
Package shellesc Info: Restricted shell escape enabled on input line 77.
)
(/usr/share/texmf-dist/tex/latex/xkeyval/xkeyval.sty
Package: xkeyval 2014/12/03 v2.7a package option processing (HA)

(/usr/share/texmf-dist/tex/generic/xkeyval/xkeyval.tex
(/usr/share/texmf-dist/tex/generic/xkeyval/xkvutils.tex
\XKV@toks=\toks35
\XKV@tempa@toks=\toks36
)
\XKV@depth=\count295
File: xkeyval.tex 2014/12/03 v2.7a key=value parser (HA)
))
(/usr/share/texmf-dist/tex/latex/currfile/currfile.sty
Package: currfile 2015/04/23 v0.7c Provides the file path elements of the curre
nt input file

(/usr/share/texmf-dist/tex/latex/kvoptions/kvoptions.sty
Package: kvoptions 2019/11/29 v3.13 Key value format for package options (HO)

(/usr/share/texmf-dist/tex/generic/ltxcmds/ltxcmds.sty
Package: ltxcmds 2019/12/15 v1.24 LaTeX kernel commands for general use (HO)
)
(/usr/share/texmf-dist/tex/generic/kvsetkeys/kvsetkeys.sty
Package: kvsetkeys 2019/12/15 v1.18 Key value parser (HO)
))
(/usr/share/texmf-dist/tex/latex/filehook/filehook.sty
Package: filehook 2020/02/03 v0.7 Hooks for input files
)
\c@currfiledepth=\count296
)
(/usr/share/texmf-dist/tex/latex/gincltex/gincltex.sty
(/usr/share/texmf-dist/tex/latex/svn-prov/svn-prov.sty
Package: svn-prov 2010/04/24 v3.1862 Package Date/Version from SVN Keywords
)
Package: gincltex 2011/09/04 v0.3 Include external LaTeX files like graphics

(/usr/share/texmf-dist/tex/latex/adjustbox/adjustbox.sty
Package: adjustbox 2019/01/04 v1.2 Adjusting TeX boxes (trim, clip, ...)

(/usr/share/texmf-dist/tex/latex/adjustbox/adjcalc.sty
Package: adjcalc 2012/05/16 v1.1 Provides advanced setlength with multiple back
-ends (calc, etex, pgfmath)
)
(/usr/share/texmf-dist/tex/latex/adjustbox/trimclip.sty
Package: trimclip 2018/04/08 v1.1 Trim and clip general TeX material

(/usr/share/texmf-dist/tex/latex/collectbox/collectbox.sty
Package: collectbox 2012/05/17 v0.4b Collect macro arguments as boxes
\collectedbox=\box63
)
\tc@llx=\dimen259
\tc@lly=\dimen260
\tc@urx=\dimen261
\tc@ury=\dimen262
Package trimclip Info: Using driver 'tc-pdftex.def'.

(/usr/share/texmf-dist/tex/latex/adjustbox/tc-pdftex.def
File: tc-pdftex.def 2019/01/04 v2.2 Clipping driver for pdftex
))
\adjbox@Width=\dimen263
\adjbox@Height=\dimen264
\adjbox@Depth=\dimen265
\adjbox@Totalheight=\dimen266
\adjbox@pwidth=\dimen267
\adjbox@pheight=\dimen268
\adjbox@pdepth=\dimen269
\adjbox@ptotalheight=\dimen270

(/usr/share/texmf-dist/tex/latex/ifoddpage/ifoddpage.sty
Package: ifoddpage 2016/04/23 v1.1 Conditionals for odd/even page detection
\c@checkoddpage=\count297
)
(/usr/share/texmf-dist/tex/latex/varwidth/varwidth.sty
Package: varwidth 2009/03/30 ver 0.92;  Variable-width minipages
\@vwid@box=\box64
\sift@deathcycles=\count298
\@vwid@loff=\dimen271
\@vwid@roff=\dimen272
))
\gincltex@box=\box65
)
(/usr/share/texmf-dist/tex/latex/filemod/filemod-expmin.sty
Package: filemod-expmin 2011/09/19 v1.2 Get and compare file modification times
 (expandable; minimal)
))
(/usr/share/texmf-dist/tex/latex/pgf/frontendlayer/tikz.sty
(/usr/share/texmf-dist/tex/latex/pgf/basiclayer/pgf.sty
(/usr/share/texmf-dist/tex/latex/pgf/utilities/pgfrcs.sty
(/usr/share/texmf-dist/tex/generic/pgf/utilities/pgfutil-common.tex
\pgfutil@everybye=\toks37
\pgfutil@tempdima=\dimen273
\pgfutil@tempdimb=\dimen274

(/usr/share/texmf-dist/tex/generic/pgf/utilities/pgfutil-common-lists.tex))
(/usr/share/texmf-dist/tex/generic/pgf/utilities/pgfutil-latex.def
\pgfutil@abb=\box66

(/usr/share/texmf-dist/tex/latex/ms/everyshi.sty
Package: everyshi 2001/05/15 v3.00 EveryShipout Package (MS)
))
(/usr/share/texmf-dist/tex/generic/pgf/utilities/pgfrcs.code.tex
(/usr/share/texmf-dist/tex/generic/pgf/pgf.revision.tex)
Package: pgfrcs 2020/01/08 v3.1.5b (3.1.5b)
))
Package: pgf 2020/01/08 v3.1.5b (3.1.5b)

(/usr/share/texmf-dist/tex/latex/pgf/basiclayer/pgfcore.sty
(/usr/share/texmf-dist/tex/latex/pgf/systemlayer/pgfsys.sty
(/usr/share/texmf-dist/tex/generic/pgf/systemlayer/pgfsys.code.tex
Package: pgfsys 2020/01/08 v3.1.5b (3.1.5b)

(/usr/share/texmf-dist/tex/generic/pgf/utilities/pgfkeys.code.tex
\pgfkeys@pathtoks=\toks38
\pgfkeys@temptoks=\toks39

(/usr/share/texmf-dist/tex/generic/pgf/utilities/pgfkeysfiltered.code.tex
\pgfkeys@tmptoks=\toks40
))
\pgf@x=\dimen275
\pgf@y=\dimen276
\pgf@xa=\dimen277
\pgf@ya=\dimen278
\pgf@xb=\dimen279
\pgf@yb=\dimen280
\pgf@xc=\dimen281
\pgf@yc=\dimen282
\pgf@xd=\dimen283
\pgf@yd=\dimen284
\w@pgf@writea=\write3
\r@pgf@reada=\read3
\c@pgf@counta=\count299
\c@pgf@countb=\count300
\c@pgf@countc=\count301
\c@pgf@countd=\count302
\t@pgf@toka=\toks41
\t@pgf@tokb=\toks42
\t@pgf@tokc=\toks43
\pgf@sys@id@count=\count303

(/usr/share/texmf-dist/tex/generic/pgf/systemlayer/pgf.cfg
File: pgf.cfg 2020/01/08 v3.1.5b (3.1.5b)
)
Driver file for pgf: pgfsys-pdftex.def

(/usr/share/texmf-dist/tex/generic/pgf/systemlayer/pgfsys-pdftex.def
File: pgfsys-pdftex.def 2020/01/08 v3.1.5b (3.1.5b)

(/usr/share/texmf-dist/tex/generic/pgf/systemlayer/pgfsys-common-pdf.def
File: pgfsys-common-pdf.def 2020/01/08 v3.1.5b (3.1.5b)
)))
(/usr/share/texmf-dist/tex/generic/pgf/systemlayer/pgfsyssoftpath.code.tex
File: pgfsyssoftpath.code.tex 2020/01/08 v3.1.5b (3.1.5b)
\pgfsyssoftpath@smallbuffer@items=\count304
\pgfsyssoftpath@bigbuffer@items=\count305
)
(/usr/share/texmf-dist/tex/generic/pgf/systemlayer/pgfsysprotocol.code.tex
File: pgfsysprotocol.code.tex 2020/01/08 v3.1.5b (3.1.5b)
))
(/usr/share/texmf-dist/tex/latex/xcolor/xcolor.sty
Package: xcolor 2016/05/11 v2.12 LaTeX color extensions (UK)

(/usr/share/texmf-dist/tex/latex/graphics-cfg/color.cfg
File: color.cfg 2016/01/02 v1.6 sample color configuration
)
Package xcolor Info: Driver file: pdftex.def on input line 225.
Package xcolor Info: Model `cmy' substituted by `cmy0' on input line 1348.
Package xcolor Info: Model `hsb' substituted by `rgb' on input line 1352.
Package xcolor Info: Model `RGB' extended on input line 1364.
Package xcolor Info: Model `HTML' substituted by `rgb' on input line 1366.
Package xcolor Info: Model `Hsb' substituted by `hsb' on input line 1367.
Package xcolor Info: Model `tHsb' substituted by `hsb' on input line 1368.
Package xcolor Info: Model `HSB' substituted by `hsb' on input line 1369.
Package xcolor Info: Model `Gray' substituted by `gray' on input line 1370.
Package xcolor Info: Model `wave' substituted by `hsb' on input line 1371.
)
(/usr/share/texmf-dist/tex/generic/pgf/basiclayer/pgfcore.code.tex
Package: pgfcore 2020/01/08 v3.1.5b (3.1.5b)

(/usr/share/texmf-dist/tex/generic/pgf/math/pgfmath.code.tex
(/usr/share/texmf-dist/tex/generic/pgf/math/pgfmathcalc.code.tex
(/usr/share/texmf-dist/tex/generic/pgf/math/pgfmathutil.code.tex)
(/usr/share/texmf-dist/tex/generic/pgf/math/pgfmathparser.code.tex
\pgfmath@dimen=\dimen285
\pgfmath@count=\count306
\pgfmath@box=\box67
\pgfmath@toks=\toks44
\pgfmath@stack@operand=\toks45
\pgfmath@stack@operation=\toks46
)
(/usr/share/texmf-dist/tex/generic/pgf/math/pgfmathfunctions.code.tex
(/usr/share/texmf-dist/tex/generic/pgf/math/pgfmathfunctions.basic.code.tex)
(/usr/share/texmf-dist/tex/generic/pgf/math/pgfmathfunctions.trigonometric.code
.tex)
(/usr/share/texmf-dist/tex/generic/pgf/math/pgfmathfunctions.random.code.tex)
(/usr/share/texmf-dist/tex/generic/pgf/math/pgfmathfunctions.comparison.code.te
x) (/usr/share/texmf-dist/tex/generic/pgf/math/pgfmathfunctions.base.code.tex)
(/usr/share/texmf-dist/tex/generic/pgf/math/pgfmathfunctions.round.code.tex)
(/usr/share/texmf-dist/tex/generic/pgf/math/pgfmathfunctions.misc.code.tex)
(/usr/share/texmf-dist/tex/generic/pgf/math/pgfmathfunctions.integerarithmetics
.code.tex))) (/usr/share/texmf-dist/tex/generic/pgf/math/pgfmathfloat.code.tex
\c@pgfmathroundto@lastzeros=\count307
)) (/usr/share/texmf-dist/tex/generic/pgf/math/pgfint.code.tex)
(/usr/share/texmf-dist/tex/generic/pgf/basiclayer/pgfcorepoints.code.tex
File: pgfcorepoints.code.tex 2020/01/08 v3.1.5b (3.1.5b)
\pgf@picminx=\dimen286
\pgf@picmaxx=\dimen287
\pgf@picminy=\dimen288
\pgf@picmaxy=\dimen289
\pgf@pathminx=\dimen290
\pgf@pathmaxx=\dimen291
\pgf@pathminy=\dimen292
\pgf@pathmaxy=\dimen293
\pgf@xx=\dimen294
\pgf@xy=\dimen295
\pgf@yx=\dimen296
\pgf@yy=\dimen297
\pgf@zx=\dimen298
\pgf@zy=\dimen299
)
(/usr/share/texmf-dist/tex/generic/pgf/basiclayer/pgfcorepathconstruct.code.tex
File: pgfcorepathconstruct.code.tex 2020/01/08 v3.1.5b (3.1.5b)
\pgf@path@lastx=\dimen300
\pgf@path@lasty=\dimen301
) (/usr/share/texmf-dist/tex/generic/pgf/basiclayer/pgfcorepathusage.code.tex
File: pgfcorepathusage.code.tex 2020/01/08 v3.1.5b (3.1.5b)
\pgf@shorten@end@additional=\dimen302
\pgf@shorten@start@additional=\dimen303
)
(/usr/share/texmf-dist/tex/generic/pgf/basiclayer/pgfcorescopes.code.tex
File: pgfcorescopes.code.tex 2020/01/08 v3.1.5b (3.1.5b)
\pgfpic=\box68
\pgf@hbox=\box69
\pgf@layerbox@main=\box70
\pgf@picture@serial@count=\count308
)
(/usr/share/texmf-dist/tex/generic/pgf/basiclayer/pgfcoregraphicstate.code.tex
File: pgfcoregraphicstate.code.tex 2020/01/08 v3.1.5b (3.1.5b)
\pgflinewidth=\dimen304
)
(/usr/share/texmf-dist/tex/generic/pgf/basiclayer/pgfcoretransformations.code.t
ex
File: pgfcoretransformations.code.tex 2020/01/08 v3.1.5b (3.1.5b)
\pgf@pt@x=\dimen305
\pgf@pt@y=\dimen306
\pgf@pt@temp=\dimen307
) (/usr/share/texmf-dist/tex/generic/pgf/basiclayer/pgfcorequick.code.tex
File: pgfcorequick.code.tex 2020/01/08 v3.1.5b (3.1.5b)
)
(/usr/share/texmf-dist/tex/generic/pgf/basiclayer/pgfcoreobjects.code.tex
File: pgfcoreobjects.code.tex 2020/01/08 v3.1.5b (3.1.5b)
)
(/usr/share/texmf-dist/tex/generic/pgf/basiclayer/pgfcorepathprocessing.code.te
x
File: pgfcorepathprocessing.code.tex 2020/01/08 v3.1.5b (3.1.5b)
) (/usr/share/texmf-dist/tex/generic/pgf/basiclayer/pgfcorearrows.code.tex
File: pgfcorearrows.code.tex 2020/01/08 v3.1.5b (3.1.5b)
\pgfarrowsep=\dimen308
)
(/usr/share/texmf-dist/tex/generic/pgf/basiclayer/pgfcoreshade.code.tex
File: pgfcoreshade.code.tex 2020/01/08 v3.1.5b (3.1.5b)
\pgf@max=\dimen309
\pgf@sys@shading@range@num=\count309
\pgf@shadingcount=\count310
)
(/usr/share/texmf-dist/tex/generic/pgf/basiclayer/pgfcoreimage.code.tex
File: pgfcoreimage.code.tex 2020/01/08 v3.1.5b (3.1.5b)

(/usr/share/texmf-dist/tex/generic/pgf/basiclayer/pgfcoreexternal.code.tex
File: pgfcoreexternal.code.tex 2020/01/08 v3.1.5b (3.1.5b)
\pgfexternal@startupbox=\box71
))
(/usr/share/texmf-dist/tex/generic/pgf/basiclayer/pgfcorelayers.code.tex
File: pgfcorelayers.code.tex 2020/01/08 v3.1.5b (3.1.5b)
)
(/usr/share/texmf-dist/tex/generic/pgf/basiclayer/pgfcoretransparency.code.tex
File: pgfcoretransparency.code.tex 2020/01/08 v3.1.5b (3.1.5b)
) (/usr/share/texmf-dist/tex/generic/pgf/basiclayer/pgfcorepatterns.code.tex
File: pgfcorepatterns.code.tex 2020/01/08 v3.1.5b (3.1.5b)
)
(/usr/share/texmf-dist/tex/generic/pgf/basiclayer/pgfcorerdf.code.tex
File: pgfcorerdf.code.tex 2020/01/08 v3.1.5b (3.1.5b)
)))
(/usr/share/texmf-dist/tex/generic/pgf/modules/pgfmoduleshapes.code.tex
File: pgfmoduleshapes.code.tex 2020/01/08 v3.1.5b (3.1.5b)
\pgfnodeparttextbox=\box72
)
(/usr/share/texmf-dist/tex/generic/pgf/modules/pgfmoduleplot.code.tex
File: pgfmoduleplot.code.tex 2020/01/08 v3.1.5b (3.1.5b)
)
(/usr/share/texmf-dist/tex/latex/pgf/compatibility/pgfcomp-version-0-65.sty
Package: pgfcomp-version-0-65 2020/01/08 v3.1.5b (3.1.5b)
\pgf@nodesepstart=\dimen310
\pgf@nodesepend=\dimen311
)
(/usr/share/texmf-dist/tex/latex/pgf/compatibility/pgfcomp-version-1-18.sty
Package: pgfcomp-version-1-18 2020/01/08 v3.1.5b (3.1.5b)
))
(/usr/share/texmf-dist/tex/latex/pgf/utilities/pgffor.sty
(/usr/share/texmf-dist/tex/latex/pgf/utilities/pgfkeys.sty
(/usr/share/texmf-dist/tex/generic/pgf/utilities/pgfkeys.code.tex))
(/usr/share/texmf-dist/tex/latex/pgf/math/pgfmath.sty
(/usr/share/texmf-dist/tex/generic/pgf/math/pgfmath.code.tex))
(/usr/share/texmf-dist/tex/generic/pgf/utilities/pgffor.code.tex
Package: pgffor 2020/01/08 v3.1.5b (3.1.5b)

(/usr/share/texmf-dist/tex/generic/pgf/math/pgfmath.code.tex)
\pgffor@iter=\dimen312
\pgffor@skip=\dimen313
\pgffor@stack=\toks47
\pgffor@toks=\toks48
))
(/usr/share/texmf-dist/tex/generic/pgf/frontendlayer/tikz/tikz.code.tex
Package: tikz 2020/01/08 v3.1.5b (3.1.5b)

(/usr/share/texmf-dist/tex/generic/pgf/libraries/pgflibraryplothandlers.code.te
x
File: pgflibraryplothandlers.code.tex 2020/01/08 v3.1.5b (3.1.5b)
\pgf@plot@mark@count=\count311
\pgfplotmarksize=\dimen314
)
\tikz@lastx=\dimen315
\tikz@lasty=\dimen316
\tikz@lastxsaved=\dimen317
\tikz@lastysaved=\dimen318
\tikz@lastmovetox=\dimen319
\tikz@lastmovetoy=\dimen320
\tikzleveldistance=\dimen321
\tikzsiblingdistance=\dimen322
\tikz@figbox=\box73
\tikz@figbox@bg=\box74
\tikz@tempbox=\box75
\tikz@tempbox@bg=\box76
\tikztreelevel=\count312
\tikznumberofchildren=\count313
\tikznumberofcurrentchild=\count314
\tikz@fig@count=\count315
 (/usr/share/texmf-dist/tex/generic/pgf/modules/pgfmodulematrix.code.tex
File: pgfmodulematrix.code.tex 2020/01/08 v3.1.5b (3.1.5b)
\pgfmatrixcurrentrow=\count316
\pgfmatrixcurrentcolumn=\count317
\pgf@matrix@numberofcolumns=\count318
)
\tikz@expandcount=\count319

(/usr/share/texmf-dist/tex/generic/pgf/frontendlayer/tikz/libraries/tikzlibrary
topaths.code.tex
File: tikzlibrarytopaths.code.tex 2020/01/08 v3.1.5b (3.1.5b)
))) (/usr/share/texmf-dist/tex/latex/mhchem/mhchem.sty
Package: mhchem 2018/06/22 v4.08 for typesetting chemical formulae

(/usr/share/texmf-dist/tex/latex/chemgreek/chemgreek.sty
Package: chemgreek 2020/01/16 v1.1a interface for upright Greek letters for use
 in chemistry (CN)
\l__chemgreek_tmpa_int=\count320
\g__chemgreek_tmpa_int=\count321
)
\l__mhchem_ce_distanceFromLastComma_int=\count322
\__mhchem_arrow_extPgfLength_skip=\skip65
\mhchem@minispace@tmp=\skip66
\mhchem@minibackspace@tmp=\skip67
\mhchem@bondwidth=\skip68
\mhchem@bondheight=\skip69
\mhchem@smallbondwidth@tmpA=\skip70
\mhchem@smallbondwidth@tmpB=\skip71
\mhchem@smallbondwidth=\skip72
\mhchem@bondtmp@minussidebearingleft=\skip73
\mhchem@bondtmp@minussidebearingright=\skip74
\l__mhchem_option_version_int=\count323
\mhchem@option@minusmathsidebearingleft=\dimen323
\mhchem@option@minusmathsidebearingright=\dimen324
\mhchem@option@minustextsidebearingleft=\dimen325
\mhchem@option@minustextsidebearingright=\dimen326
)
(/usr/share/texmf-dist/tex/latex/enumitem/enumitem.sty
Package: enumitem 2019/06/20 v3.9 Customized lists
\labelindent=\skip75
\enit@outerparindent=\dimen327
\enit@toks=\toks49
\enit@inbox=\box77
\enit@count@id=\count324
\enitdp@description=\count325
)
(/usr/share/texmf-dist/tex/generic/pgf/frontendlayer/tikz/libraries/tikzlibrary
arrows.code.tex
File: tikzlibraryarrows.code.tex 2020/01/08 v3.1.5b (3.1.5b)

(/usr/share/texmf-dist/tex/generic/pgf/libraries/pgflibraryarrows.code.tex
File: pgflibraryarrows.code.tex 2020/01/08 v3.1.5b (3.1.5b)
\arrowsize=\dimen328
))
(/usr/share/texmf-dist/tex/generic/pgf/frontendlayer/tikz/libraries/tikzlibrary
automata.code.tex
File: tikzlibraryautomata.code.tex 2020/01/08 v3.1.5b (3.1.5b)

(/usr/share/texmf-dist/tex/generic/pgf/frontendlayer/tikz/libraries/tikzlibrary
shapes.multipart.code.tex
File: tikzlibraryshapes.multipart.code.tex 2020/01/08 v3.1.5b (3.1.5b)

(/usr/share/texmf-dist/tex/generic/pgf/libraries/shapes/pgflibraryshapes.multip
art.code.tex
File: pgflibraryshapes.multipart.code.tex 2020/01/08 v3.1.5b (3.1.5b)
\pgfnodepartlowerbox=\box78
\pgfnodeparttwobox=\box79
\pgfnodepartthreebox=\box80
\pgfnodepartfourbox=\box81
\pgfnodeparttwentybox=\box82
\pgfnodepartnineteenbox=\box83
\pgfnodeparteighteenbox=\box84
\pgfnodepartseventeenbox=\box85
\pgfnodepartsixteenbox=\box86
\pgfnodepartfifteenbox=\box87
\pgfnodepartfourteenbox=\box88
\pgfnodepartthirteenbox=\box89
\pgfnodeparttwelvebox=\box90
\pgfnodepartelevenbox=\box91
\pgfnodeparttenbox=\box92
\pgfnodepartninebox=\box93
\pgfnodeparteightbox=\box94
\pgfnodepartsevenbox=\box95
\pgfnodepartsixbox=\box96
\pgfnodepartfivebox=\box97
)))
(/usr/share/texmf-dist/tex/generic/pgf/frontendlayer/tikz/libraries/tikzlibrary
positioning.code.tex
File: tikzlibrarypositioning.code.tex 2020/01/08 v3.1.5b (3.1.5b)
) (/usr/share/texmf-dist/tex/latex/fancyhdr/fancyhdr.sty
Package: fancyhdr 2019/01/31 v3.10 Extensive control of page headers and footer
s
\f@nch@headwidth=\skip76
\f@nch@O@elh=\skip77
\f@nch@O@erh=\skip78
\f@nch@O@olh=\skip79
\f@nch@O@orh=\skip80
\f@nch@O@elf=\skip81
\f@nch@O@erf=\skip82
\f@nch@O@olf=\skip83
\f@nch@O@orf=\skip84
)
(./print.aux)
LaTeX Font Info:    Checking defaults for OML/cmm/m/it on input line 68.
LaTeX Font Info:    ... okay on input line 68.
LaTeX Font Info:    Checking defaults for OMS/cmsy/m/n on input line 68.
LaTeX Font Info:    ... okay on input line 68.
LaTeX Font Info:    Checking defaults for OT1/cmr/m/n on input line 68.
LaTeX Font Info:    ... okay on input line 68.
LaTeX Font Info:    Checking defaults for T1/cmr/m/n on input line 68.
LaTeX Font Info:    ... okay on input line 68.
LaTeX Font Info:    Checking defaults for TS1/cmr/m/n on input line 68.
LaTeX Font Info:    ... okay on input line 68.
LaTeX Font Info:    Checking defaults for OMX/cmex/m/n on input line 68.
LaTeX Font Info:    ... okay on input line 68.
LaTeX Font Info:    Checking defaults for U/cmr/m/n on input line 68.
LaTeX Font Info:    ... okay on input line 68.

*geometry* detected driver: pdftex
*geometry* verbose mode - [ preamble ] result:
* driver: pdftex
* paper: a4paper
* layout: <same size as paper>
* layoutoffset:(h,v)=(0.0pt,0.0pt)
* modes: 
* h-part:(L,W,R)=(89.62709pt, 418.25368pt, 89.6271pt)
* v-part:(T,H,B)=(101.40665pt, 591.5302pt, 152.11pt)
* \paperwidth=597.50787pt
* \paperheight=845.04684pt
* \textwidth=418.25368pt
* \textheight=591.5302pt
* \oddsidemargin=17.3571pt
* \evensidemargin=17.3571pt
* \topmargin=-7.86334pt
* \headheight=13.6pt
* \headsep=25.0pt
* \topskip=10.0pt
* \footskip=30.0pt
* \marginparwidth=57.0pt
* \marginparsep=11.0pt
* \columnsep=10.0pt
* \skip\footins=9.0pt plus 4.0pt minus 2.0pt
* \hoffset=0.0pt
* \voffset=0.0pt
* \mag=1000
* \@twocolumnfalse
* \@twosidefalse
* \@mparswitchfalse
* \@reversemarginfalse
* (1in=72.27pt=25.4mm, 1cm=28.453pt)

\Hy@linkcounter=\count326
(/usr/share/texmf-dist/tex/context/base/mkii/supp-pdf.mkii
[Loading MPS to PDF converter (version 2006.09.02).]
\scratchcounter=\count327
\scratchdimen=\dimen329
\scratchbox=\box98
\nofMPsegments=\count328
\nofMParguments=\count329
\everyMPshowfont=\toks50
\MPscratchCnt=\count330
\MPscratchDim=\dimen330
\MPnumerator=\count331
\makeMPintoPDFobject=\count332
\everyMPtoPDFconversion=\toks51
) (/usr/share/texmf-dist/tex/latex/epstopdf-pkg/epstopdf-base.sty
Package: epstopdf-base 2020-01-24 v2.11 Base part for package epstopdf
Package epstopdf-base Info: Redefining graphics rule for `.eps' on input line 4
85.

(/usr/share/texmf-dist/tex/latex/latexconfig/epstopdf-sys.cfg
File: epstopdf-sys.cfg 2010/07/13 v1.3 Configuration of (r)epstopdf for TeX Liv
e
))
Package caption Info: Begin \AtBeginDocument code.
Package caption Info: float package is loaded.
Package caption Info: End \AtBeginDocument code.

(/usr/share/texmf-dist/tex/latex/translator/translator-basic-dictionary-English
.dict
Dictionary: translator-basic-dictionary, Language: English 
) (/usr/share/texmf-dist/tex/latex/siunitx/siunitx-abbreviations.cfg
File: siunitx-abbreviations.cfg 2017/11/26 v2.7k siunitx: Abbreviated units
)
ABD: EveryShipout initializing macros

Package chemgreek Info: Activating mapping `default' on line 68.

LaTeX Font Info:    Trying to load font information for U+msa on input line 68.


(/usr/share/texmf-dist/tex/latex/amsfonts/umsa.fd
File: umsa.fd 2013/01/14 v3.01 AMS symbols A
)
LaTeX Font Info:    Trying to load font information for U+msb on input line 68.


(/usr/share/texmf-dist/tex/latex/amsfonts/umsb.fd
File: umsb.fd 2013/01/14 v3.01 AMS symbols B
)
LaTeX Font Info:    Trying to load font information for U+rsfs on input line 68
.

(/usr/share/texmf-dist/tex/latex/jknapltx/ursfs.fd
File: ursfs.fd 1998/03/24 rsfs font definition file (jk)
) (./flowchart.tex
LaTeX Font Info:    Trying to load font information for U+bbold on input line 1
02.

(/usr/share/texmf-dist/tex/latex/bbold/Ubbold.fd))
File: flowchart.tex Graphic file (type tex)
LaTeX Font Info:    Trying to load font information for T1+cmtt on input line 9
9.

(/usr/share/texmf-dist/tex/latex/base/t1cmtt.fd
File: t1cmtt.fd 2019/12/16 v2.5j Standard LaTeX font definitions
) [1

{/var/lib/texmf/fonts/map/pdftex/updmap/pdftex.map}] (./graf1a.tex
\gptboxheight=\skip85
\gptboxwidth=\skip86
\gptboxtext=\box99
Package epstopdf Info: Source file: <graf1a.eps>
(epstopdf)                    date: 2020-01-08 14:05:06
(epstopdf)                    size: 44565 bytes
(epstopdf)             Output file: <graf1a-eps-converted-to.pdf>
(epstopdf)                    date: 2020-01-08 14:05:16
(epstopdf)                    size: 13981 bytes
(epstopdf)             Command: <repstopdf --outfile=graf1a-eps-converted-to.pd
f graf1a.eps>
(epstopdf)             \includegraphics on input line 112.
Package epstopdf Info: Output file is already uptodate.
<graf1a-eps-converted-to.pdf, id=25, 361.35pt x 216.81pt>
File: graf1a-eps-converted-to.pdf Graphic file (type pdf)
<use graf1a-eps-converted-to.pdf>
Package pdftex.def Info: graf1a-eps-converted-to.pdf  used on input line 112.
(pdftex.def)             Requested size: 361.34912pt x 216.80946pt.
) (./graf1b.tex
<graf1b.pdf, id=26, 361.35pt x 216.81pt>
File: graf1b.pdf Graphic file (type pdf)
<use graf1b.pdf>
Package pdftex.def Info: graf1b.pdf  used on input line 120.
(pdftex.def)             Requested size: 361.35463pt x 216.81938pt.
)
Underfull \hbox (badness 10000) in paragraph at lines 136--149

 []

(./graf2a.tex
Package epstopdf Info: Source file: <graf2a.eps>
(epstopdf)                    date: 2020-08-11 20:52:11
(epstopdf)                    size: 52412 bytes
(epstopdf)             Output file: <graf2a-eps-converted-to.pdf>
(epstopdf)                    date: 2020-08-11 20:52:18
(epstopdf)                    size: 22312 bytes
(epstopdf)             Command: <repstopdf --outfile=graf2a-eps-converted-to.pd
f graf2a.eps>
(epstopdf)             \includegraphics on input line 121.
Package epstopdf Info: Output file is already uptodate.
<graf2a-eps-converted-to.pdf, id=27, 361.35pt x 252.945pt>
File: graf2a-eps-converted-to.pdf Graphic file (type pdf)
<use graf2a-eps-converted-to.pdf>
Package pdftex.def Info: graf2a-eps-converted-to.pdf  used on input line 121.
(pdftex.def)             Requested size: 361.35463pt x 252.94823pt.
) (./graf2b.tex
Package epstopdf Info: Source file: <graf2b.eps>
(epstopdf)                    date: 2020-08-11 20:44:52
(epstopdf)                    size: 52101 bytes
(epstopdf)             Output file: <graf2b-eps-converted-to.pdf>
(epstopdf)                    date: 2020-08-11 20:52:19
(epstopdf)                    size: 21531 bytes
(epstopdf)             Command: <repstopdf --outfile=graf2b-eps-converted-to.pd
f graf2b.eps>
(epstopdf)             \includegraphics on input line 125.
Package epstopdf Info: Output file is already uptodate.
<graf2b-eps-converted-to.pdf, id=28, 361.35pt x 252.945pt>
File: graf2b-eps-converted-to.pdf Graphic file (type pdf)
<use graf2b-eps-converted-to.pdf>
Package pdftex.def Info: graf2b-eps-converted-to.pdf  used on input line 125.
(pdftex.def)             Requested size: 361.35463pt x 252.94823pt.
) [2] (./graf2c.tex
Package epstopdf Info: Source file: <graf2c.eps>
(epstopdf)                    date: 2020-08-11 21:32:45
(epstopdf)                    size: 43267 bytes
(epstopdf)             Output file: <graf2c-eps-converted-to.pdf>
(epstopdf)                    date: 2020-08-11 21:32:56
(epstopdf)                    size: 16480 bytes
(epstopdf)             Command: <repstopdf --outfile=graf2c-eps-converted-to.pd
f graf2c.eps>
(epstopdf)             \includegraphics on input line 112.
Package epstopdf Info: Output file is already uptodate.
<graf2c-eps-converted-to.pdf, id=35, 361.35pt x 252.945pt>
File: graf2c-eps-converted-to.pdf Graphic file (type pdf)
<use graf2c-eps-converted-to.pdf>
Package pdftex.def Info: graf2c-eps-converted-to.pdf  used on input line 112.
(pdftex.def)             Requested size: 361.35463pt x 252.94823pt.
) (./graf2d.tex
Package epstopdf Info: Source file: <graf2d.eps>
(epstopdf)                    date: 2020-08-11 21:32:14
(epstopdf)                    size: 43582 bytes
(epstopdf)             Output file: <graf2d-eps-converted-to.pdf>
(epstopdf)                    date: 2020-08-11 21:32:56
(epstopdf)                    size: 16553 bytes
(epstopdf)             Command: <repstopdf --outfile=graf2d-eps-converted-to.pd
f graf2d.eps>
(epstopdf)             \includegraphics on input line 114.
Package epstopdf Info: Output file is already uptodate.
<graf2d-eps-converted-to.pdf, id=36, 361.35pt x 252.945pt>
File: graf2d-eps-converted-to.pdf Graphic file (type pdf)
<use graf2d-eps-converted-to.pdf>
Package pdftex.def Info: graf2d-eps-converted-to.pdf  used on input line 114.
(pdftex.def)             Requested size: 361.35463pt x 252.94823pt.
) [3 <./graf1a-eps-converted-to.pdf> <./graf1b.pdf> <./graf2a-eps-converted-to.
pdf> <./graf2b-eps-converted-to.pdf>] (./graf3a.tex
Package epstopdf Info: Source file: <graf3a.eps>
(epstopdf)                    date: 2020-01-08 21:03:28
(epstopdf)                    size: 90353 bytes
(epstopdf)             Output file: <graf3a-eps-converted-to.pdf>
(epstopdf)                    date: 2020-01-08 21:03:31
(epstopdf)                    size: 23273 bytes
(epstopdf)             Command: <repstopdf --outfile=graf3a-eps-converted-to.pd
f graf3a.eps>
(epstopdf)             \includegraphics on input line 111.
Package epstopdf Info: Output file is already uptodate.
<graf3a-eps-converted-to.pdf, id=46, 361.35pt x 252.945pt>
File: graf3a-eps-converted-to.pdf Graphic file (type pdf)
<use graf3a-eps-converted-to.pdf>
Package pdftex.def Info: graf3a-eps-converted-to.pdf  used on input line 111.
(pdftex.def)             Requested size: 361.34912pt x 252.94438pt.
) (./graf3b.tex
Package epstopdf Info: Source file: <graf3b.eps>
(epstopdf)                    date: 2020-01-08 21:03:54
(epstopdf)                    size: 94463 bytes
(epstopdf)             Output file: <graf3b-eps-converted-to.pdf>
(epstopdf)                    date: 2020-01-08 21:04:01
(epstopdf)                    size: 39520 bytes
(epstopdf)             Command: <repstopdf --outfile=graf3b-eps-converted-to.pd
f graf3b.eps>
(epstopdf)             \includegraphics on input line 111.
Package epstopdf Info: Output file is already uptodate.
<graf3b-eps-converted-to.pdf, id=47, 361.35pt x 252.945pt>
File: graf3b-eps-converted-to.pdf Graphic file (type pdf)
<use graf3b-eps-converted-to.pdf>
Package pdftex.def Info: graf3b-eps-converted-to.pdf  used on input line 111.
(pdftex.def)             Requested size: 361.34912pt x 252.94438pt.
)
Underfull \hbox (badness 10000) in paragraph at lines 185--206

 []

(./graf4a.tex
Package epstopdf Info: Source file: <graf4a.eps>
(epstopdf)                    date: 2020-01-08 21:23:24
(epstopdf)                    size: 89818 bytes
(epstopdf)             Output file: <graf4a-eps-converted-to.pdf>
(epstopdf)                    date: 2020-01-08 21:25:29
(epstopdf)                    size: 22174 bytes
(epstopdf)             Command: <repstopdf --outfile=graf4a-eps-converted-to.pd
f graf4a.eps>
(epstopdf)             \includegraphics on input line 111.
Package epstopdf Info: Output file is already uptodate.
<graf4a-eps-converted-to.pdf, id=48, 361.35pt x 252.945pt>
File: graf4a-eps-converted-to.pdf Graphic file (type pdf)
<use graf4a-eps-converted-to.pdf>
Package pdftex.def Info: graf4a-eps-converted-to.pdf  used on input line 111.
(pdftex.def)             Requested size: 361.34912pt x 252.94438pt.
) (./graf4b.tex
Package epstopdf Info: Source file: <graf4b.eps>
(epstopdf)                    date: 2020-01-08 21:25:20
(epstopdf)                    size: 93831 bytes
(epstopdf)             Output file: <graf4b-eps-converted-to.pdf>
(epstopdf)                    date: 2020-01-08 21:25:29
(epstopdf)                    size: 38297 bytes
(epstopdf)             Command: <repstopdf --outfile=graf4b-eps-converted-to.pd
f graf4b.eps>
(epstopdf)             \includegraphics on input line 111.
Package epstopdf Info: Output file is already uptodate.
<graf4b-eps-converted-to.pdf, id=49, 361.35pt x 252.945pt>
File: graf4b-eps-converted-to.pdf Graphic file (type pdf)
<use graf4b-eps-converted-to.pdf>
Package pdftex.def Info: graf4b-eps-converted-to.pdf  used on input line 111.
(pdftex.def)             Requested size: 361.34912pt x 252.94438pt.
) [4 <./graf2c-eps-converted-to.pdf> <./graf2d-eps-converted-to.pdf> <./graf3a-
eps-converted-to.pdf> <./graf3b-eps-converted-to.pdf>] (./graf5.tex
Package epstopdf Info: Source file: <graf5.eps>
(epstopdf)                    date: 2020-01-08 22:50:43
(epstopdf)                    size: 52398 bytes
(epstopdf)             Output file: <graf5-eps-converted-to.pdf>
(epstopdf)                    date: 2020-01-08 22:50:51
(epstopdf)                    size: 16909 bytes
(epstopdf)             Command: <repstopdf --outfile=graf5-eps-converted-to.pdf
 graf5.eps>
(epstopdf)             \includegraphics on input line 122.
Package epstopdf Info: Output file is already uptodate.
<graf5-eps-converted-to.pdf, id=61, 361.35pt x 216.81pt>
File: graf5-eps-converted-to.pdf Graphic file (type pdf)
<use graf5-eps-converted-to.pdf>
Package pdftex.def Info: graf5-eps-converted-to.pdf  used on input line 122.
(pdftex.def)             Requested size: 361.34912pt x 216.80946pt.
) (./graf13a.tex
Package epstopdf Info: Source file: <graf13a.eps>
(epstopdf)                    date: 2020-08-12 20:55:33
(epstopdf)                    size: 38742 bytes
(epstopdf)             Output file: <graf13a-eps-converted-to.pdf>
(epstopdf)                    date: 2020-08-12 20:56:18
(epstopdf)                    size: 15393 bytes
(epstopdf)             Command: <repstopdf --outfile=graf13a-eps-converted-to.p
df graf13a.eps>
(epstopdf)             \includegraphics on input line 106.
Package epstopdf Info: Output file is already uptodate.
<graf13a-eps-converted-to.pdf, id=62, 361.35pt x 252.945pt>
File: graf13a-eps-converted-to.pdf Graphic file (type pdf)
<use graf13a-eps-converted-to.pdf>
Package pdftex.def Info: graf13a-eps-converted-to.pdf  used on input line 106.
(pdftex.def)             Requested size: 361.35463pt x 252.94823pt.
) [5 <./graf4a-eps-converted-to.pdf> <./graf4b-eps-converted-to.pdf> <./graf5-e
ps-converted-to.pdf>] (./graf6a.tex
<graf6a.pdf, id=72, 361.35pt x 216.81pt>
File: graf6a.pdf Graphic file (type pdf)
<use graf6a.pdf>
Package pdftex.def Info: graf6a.pdf  used on input line 124.
(pdftex.def)             Requested size: 361.35463pt x 216.81938pt.
)
(./graf6b.tex
<graf6b.pdf, id=73, 361.35pt x 216.81pt>
File: graf6b.pdf Graphic file (type pdf)
<use graf6b.pdf>
Package pdftex.def Info: graf6b.pdf  used on input line 118.
(pdftex.def)             Requested size: 361.35463pt x 216.81938pt.
) (./graf7a.tex
Package epstopdf Info: Source file: <graf7a.eps>
(epstopdf)                    date: 2020-08-11 22:13:32
(epstopdf)                    size: 52553 bytes
(epstopdf)             Output file: <graf7a-eps-converted-to.pdf>
(epstopdf)                    date: 2020-08-11 22:13:41
(epstopdf)                    size: 22472 bytes
(epstopdf)             Command: <repstopdf --outfile=graf7a-eps-converted-to.pd
f graf7a.eps>
(epstopdf)             \includegraphics on input line 121.
Package epstopdf Info: Output file is already uptodate.
<graf7a-eps-converted-to.pdf, id=74, 361.35pt x 252.945pt>
File: graf7a-eps-converted-to.pdf Graphic file (type pdf)
<use graf7a-eps-converted-to.pdf>
Package pdftex.def Info: graf7a-eps-converted-to.pdf  used on input line 121.
(pdftex.def)             Requested size: 361.35463pt x 252.94823pt.
) (./graf7b.tex
Package epstopdf Info: Source file: <graf7b.eps>
(epstopdf)                    date: 2020-08-11 22:14:21
(epstopdf)                    size: 52422 bytes
(epstopdf)             Output file: <graf7b-eps-converted-to.pdf>
(epstopdf)                    date: 2020-08-11 22:14:32
(epstopdf)                    size: 21733 bytes
(epstopdf)             Command: <repstopdf --outfile=graf7b-eps-converted-to.pd
f graf7b.eps>
(epstopdf)             \includegraphics on input line 125.
Package epstopdf Info: Output file is already uptodate.
<graf7b-eps-converted-to.pdf, id=75, 361.35pt x 252.945pt>
File: graf7b-eps-converted-to.pdf Graphic file (type pdf)
<use graf7b-eps-converted-to.pdf>
Package pdftex.def Info: graf7b-eps-converted-to.pdf  used on input line 125.
(pdftex.def)             Requested size: 361.35463pt x 252.94823pt.
) [6 <./graf13a-eps-converted-to.pdf> <./graf6a.pdf> <./graf6b.pdf

pdfTeX warning: pdflatex (file ./graf6b.pdf): PDF inclusion: multiple pdfs with
 page group included in a single page
>] (./graf7c.tex
Package epstopdf Info: Source file: <graf7c.eps>
(epstopdf)                    date: 2020-08-11 22:23:07
(epstopdf)                    size: 43491 bytes
(epstopdf)             Output file: <graf7c-eps-converted-to.pdf>
(epstopdf)                    date: 2020-08-11 22:23:19
(epstopdf)                    size: 16511 bytes
(epstopdf)             Command: <repstopdf --outfile=graf7c-eps-converted-to.pd
f graf7c.eps>
(epstopdf)             \includegraphics on input line 112.
Package epstopdf Info: Output file is already uptodate.
<graf7c-eps-converted-to.pdf, id=83, 361.35pt x 252.945pt>
File: graf7c-eps-converted-to.pdf Graphic file (type pdf)
<use graf7c-eps-converted-to.pdf>
Package pdftex.def Info: graf7c-eps-converted-to.pdf  used on input line 112.
(pdftex.def)             Requested size: 361.35463pt x 252.94823pt.
) (./graf7d.tex
Package epstopdf Info: Source file: <graf7d.eps>
(epstopdf)                    date: 2020-08-11 22:21:04
(epstopdf)                    size: 43680 bytes
(epstopdf)             Output file: <graf7d-eps-converted-to.pdf>
(epstopdf)                    date: 2020-08-11 22:21:15
(epstopdf)                    size: 16601 bytes
(epstopdf)             Command: <repstopdf --outfile=graf7d-eps-converted-to.pd
f graf7d.eps>
(epstopdf)             \includegraphics on input line 113.
Package epstopdf Info: Output file is already uptodate.
<graf7d-eps-converted-to.pdf, id=84, 361.35pt x 252.945pt>
File: graf7d-eps-converted-to.pdf Graphic file (type pdf)
<use graf7d-eps-converted-to.pdf>
Package pdftex.def Info: graf7d-eps-converted-to.pdf  used on input line 113.
(pdftex.def)             Requested size: 361.35463pt x 252.94823pt.
) (./graf12a.tex
Package epstopdf Info: Source file: <graf12a.eps>
(epstopdf)                    date: 2020-08-12 20:47:38
(epstopdf)                    size: 37017 bytes
(epstopdf)             Output file: <graf12a-eps-converted-to.pdf>
(epstopdf)                    date: 2020-08-12 20:50:15
(epstopdf)                    size: 8950 bytes
(epstopdf)             Command: <repstopdf --outfile=graf12a-eps-converted-to.p
df graf12a.eps>
(epstopdf)             \includegraphics on input line 108.
Package epstopdf Info: Output file is already uptodate.
<graf12a-eps-converted-to.pdf, id=85, 361.35pt x 252.945pt>
File: graf12a-eps-converted-to.pdf Graphic file (type pdf)
<use graf12a-eps-converted-to.pdf>
Package pdftex.def Info: graf12a-eps-converted-to.pdf  used on input line 108.
(pdftex.def)             Requested size: 361.35463pt x 252.94823pt.
) [7 <./graf7a-eps-converted-to.pdf> <./graf7b-eps-converted-to.pdf> <./graf7c-
eps-converted-to.pdf> <./graf7d-eps-converted-to.pdf>] (./graf8a.tex
<graf8a.pdf, id=94, 361.35pt x 216.81pt>
File: graf8a.pdf Graphic file (type pdf)
<use graf8a.pdf>
Package pdftex.def Info: graf8a.pdf  used on input line 126.
(pdftex.def)             Requested size: 361.35463pt x 216.81938pt.
) (./graf8b.tex
<graf8b.pdf, id=95, 361.35pt x 216.81pt>
File: graf8b.pdf Graphic file (type pdf)
<use graf8b.pdf>
Package pdftex.def Info: graf8b.pdf  used on input line 120.
(pdftex.def)             Requested size: 361.35463pt x 216.81938pt.
) (./graf8c.tex
<graf8c.pdf, id=96, 361.35pt x 216.81pt>
File: graf8c.pdf Graphic file (type pdf)
<use graf8c.pdf>
Package pdftex.def Info: graf8c.pdf  used on input line 122.
(pdftex.def)             Requested size: 361.35463pt x 216.81938pt.
)
(./graf8d.tex
<graf8d.pdf, id=97, 361.35pt x 216.81pt>
File: graf8d.pdf Graphic file (type pdf)
<use graf8d.pdf>
Package pdftex.def Info: graf8d.pdf  used on input line 124.
(pdftex.def)             Requested size: 361.35463pt x 216.81938pt.
) [8 <./graf12a-eps-converted-to.pdf> <./graf8a.pdf> <./graf8b.pdf

pdfTeX warning: pdflatex (file ./graf8b.pdf): PDF inclusion: multiple pdfs with
 page group included in a single page
>] (./graf9a.tex
Package epstopdf Info: Source file: <graf9a.eps>
(epstopdf)                    date: 2020-08-12 12:48:46
(epstopdf)                    size: 55252 bytes
(epstopdf)             Output file: <graf9a-eps-converted-to.pdf>
(epstopdf)                    date: 2020-08-12 12:49:10
(epstopdf)                    size: 16742 bytes
(epstopdf)             Command: <repstopdf --outfile=graf9a-eps-converted-to.pd
f graf9a.eps>
(epstopdf)             \includegraphics on input line 119.
Package epstopdf Info: Output file is already uptodate.
<graf9a-eps-converted-to.pdf, id=105, 361.35pt x 252.945pt>
File: graf9a-eps-converted-to.pdf Graphic file (type pdf)
<use graf9a-eps-converted-to.pdf>
Package pdftex.def Info: graf9a-eps-converted-to.pdf  used on input line 119.
(pdftex.def)             Requested size: 361.35463pt x 252.94823pt.
) (./graf9b.tex
Package epstopdf Info: Source file: <graf9b.eps>
(epstopdf)                    date: 2020-08-12 13:05:23
(epstopdf)                    size: 54803 bytes
(epstopdf)             Output file: <graf9b-eps-converted-to.pdf>
(epstopdf)                    date: 2020-08-12 13:06:21
(epstopdf)                    size: 16260 bytes
(epstopdf)             Command: <repstopdf --outfile=graf9b-eps-converted-to.pd
f graf9b.eps>
(epstopdf)             \includegraphics on input line 123.
Package epstopdf Info: Output file is already uptodate.
<graf9b-eps-converted-to.pdf, id=106, 361.35pt x 252.945pt>
File: graf9b-eps-converted-to.pdf Graphic file (type pdf)
<use graf9b-eps-converted-to.pdf>
Package pdftex.def Info: graf9b-eps-converted-to.pdf  used on input line 123.
(pdftex.def)             Requested size: 361.35463pt x 252.94823pt.
) (./graf9c.tex
Package epstopdf Info: Source file: <graf9c.eps>
(epstopdf)                    date: 2020-08-12 12:46:04
(epstopdf)                    size: 32129 bytes
(epstopdf)             Output file: <graf9c-eps-converted-to.pdf>
(epstopdf)                    date: 2020-08-12 12:50:06
(epstopdf)                    size: 10146 bytes
(epstopdf)             Command: <repstopdf --outfile=graf9c-eps-converted-to.pd
f graf9c.eps>
(epstopdf)             \includegraphics on input line 112.
Package epstopdf Info: Output file is already uptodate.
<graf9c-eps-converted-to.pdf, id=107, 361.35pt x 252.945pt>
File: graf9c-eps-converted-to.pdf Graphic file (type pdf)
<use graf9c-eps-converted-to.pdf>
Package pdftex.def Info: graf9c-eps-converted-to.pdf  used on input line 112.
(pdftex.def)             Requested size: 361.35463pt x 252.94823pt.
) (./graf9d.tex
Package epstopdf Info: Source file: <graf9d.eps>
(epstopdf)                    date: 2020-08-12 12:46:15
(epstopdf)                    size: 30804 bytes
(epstopdf)             Output file: <graf9d-eps-converted-to.pdf>
(epstopdf)                    date: 2020-08-12 12:50:07
(epstopdf)                    size: 9684 bytes
(epstopdf)             Command: <repstopdf --outfile=graf9d-eps-converted-to.pd
f graf9d.eps>
(epstopdf)             \includegraphics on input line 107.
Package epstopdf Info: Output file is already uptodate.
<graf9d-eps-converted-to.pdf, id=108, 361.35pt x 252.945pt>
File: graf9d-eps-converted-to.pdf Graphic file (type pdf)
<use graf9d-eps-converted-to.pdf>
Package pdftex.def Info: graf9d-eps-converted-to.pdf  used on input line 107.
(pdftex.def)             Requested size: 361.35463pt x 252.94823pt.
) (./graf10a.tex
Package epstopdf Info: Source file: <graf10a.eps>
(epstopdf)                    date: 2020-08-12 13:23:44
(epstopdf)                    size: 75703 bytes
(epstopdf)             Output file: <graf10a-eps-converted-to.pdf>
(epstopdf)                    date: 2020-08-12 13:23:47
(epstopdf)                    size: 28168 bytes
(epstopdf)             Command: <repstopdf --outfile=graf10a-eps-converted-to.p
df graf10a.eps>
(epstopdf)             \includegraphics on input line 137.
Package epstopdf Info: Output file is already uptodate.
<graf10a-eps-converted-to.pdf, id=109, 361.35pt x 252.945pt>
File: graf10a-eps-converted-to.pdf Graphic file (type pdf)
<use graf10a-eps-converted-to.pdf>
Package pdftex.def Info: graf10a-eps-converted-to.pdf  used on input line 137.
(pdftex.def)             Requested size: 361.35463pt x 252.94823pt.
)
(./graf10b.tex
Package epstopdf Info: Source file: <graf10b.eps>
(epstopdf)                    date: 2020-08-12 13:24:49
(epstopdf)                    size: 75746 bytes
(epstopdf)             Output file: <graf10b-eps-converted-to.pdf>
(epstopdf)                    date: 2020-08-12 13:24:53
(epstopdf)                    size: 27917 bytes
(epstopdf)             Command: <repstopdf --outfile=graf10b-eps-converted-to.p
df graf10b.eps>
(epstopdf)             \includegraphics on input line 141.
Package epstopdf Info: Output file is already uptodate.
<graf10b-eps-converted-to.pdf, id=110, 361.35pt x 252.945pt>
File: graf10b-eps-converted-to.pdf Graphic file (type pdf)
<use graf10b-eps-converted-to.pdf>
Package pdftex.def Info: graf10b-eps-converted-to.pdf  used on input line 141.
(pdftex.def)             Requested size: 361.35463pt x 252.94823pt.
) [9 <./graf8c.pdf> <./graf8d.pdf

pdfTeX warning: pdflatex (file ./graf8d.pdf): PDF inclusion: multiple pdfs with
 page group included in a single page
> <./graf9a-eps-converted-to.pdf> <./graf9b-eps-converted-to.pdf> <./graf9c-eps
-converted-to.pdf> <./graf9d-eps-converted-to.pdf>] (./graf10c.tex
Package epstopdf Info: Source file: <graf10c.eps>
(epstopdf)                    date: 2020-08-12 13:25:34
(epstopdf)                    size: 54292 bytes
(epstopdf)             Output file: <graf10c-eps-converted-to.pdf>
(epstopdf)                    date: 2020-08-12 13:25:44
(epstopdf)                    size: 22423 bytes
(epstopdf)             Command: <repstopdf --outfile=graf10c-eps-converted-to.p
df graf10c.eps>
(epstopdf)             \includegraphics on input line 116.
Package epstopdf Info: Output file is already uptodate.
<graf10c-eps-converted-to.pdf, id=121, 361.35pt x 252.945pt>
File: graf10c-eps-converted-to.pdf Graphic file (type pdf)
<use graf10c-eps-converted-to.pdf>
Package pdftex.def Info: graf10c-eps-converted-to.pdf  used on input line 116.
(pdftex.def)             Requested size: 361.35463pt x 252.94823pt.
)
(./graf10d.tex
Package epstopdf Info: Source file: <graf10d.eps>
(epstopdf)                    date: 2020-08-12 13:26:15
(epstopdf)                    size: 53144 bytes
(epstopdf)             Output file: <graf10d-eps-converted-to.pdf>
(epstopdf)                    date: 2020-08-12 13:26:25
(epstopdf)                    size: 22014 bytes
(epstopdf)             Command: <repstopdf --outfile=graf10d-eps-converted-to.p
df graf10d.eps>
(epstopdf)             \includegraphics on input line 111.
Package epstopdf Info: Output file is already uptodate.
<graf10d-eps-converted-to.pdf, id=122, 361.35pt x 252.945pt>
File: graf10d-eps-converted-to.pdf Graphic file (type pdf)
<use graf10d-eps-converted-to.pdf>
Package pdftex.def Info: graf10d-eps-converted-to.pdf  used on input line 111.
(pdftex.def)             Requested size: 361.35463pt x 252.94823pt.
) (./graf11a.tex
Package epstopdf Info: Source file: <graf11a.eps>
(epstopdf)                    date: 2020-08-12 20:52:55
(epstopdf)                    size: 50191 bytes
(epstopdf)             Output file: <graf11a-eps-converted-to.pdf>
(epstopdf)                    date: 2020-08-12 20:53:07
(epstopdf)                    size: 20960 bytes
(epstopdf)             Command: <repstopdf --outfile=graf11a-eps-converted-to.p
df graf11a.eps>
(epstopdf)             \includegraphics on input line 110.
Package epstopdf Info: Output file is already uptodate.
<graf11a-eps-converted-to.pdf, id=123, 361.35pt x 252.945pt>
File: graf11a-eps-converted-to.pdf Graphic file (type pdf)
<use graf11a-eps-converted-to.pdf>
Package pdftex.def Info: graf11a-eps-converted-to.pdf  used on input line 110.
(pdftex.def)             Requested size: 361.35463pt x 252.94823pt.
) (./graf11c.tex
Package epstopdf Info: Source file: <graf11c.eps>
(epstopdf)                    date: 2020-08-12 14:22:38
(epstopdf)                    size: 51872 bytes
(epstopdf)             Output file: <graf11c-eps-converted-to.pdf>
(epstopdf)                    date: 2020-08-12 14:25:01
(epstopdf)                    size: 20029 bytes
(epstopdf)             Command: <repstopdf --outfile=graf11c-eps-converted-to.p
df graf11c.eps>
(epstopdf)             \includegraphics on input line 110.
Package epstopdf Info: Output file is already uptodate.
<graf11c-eps-converted-to.pdf, id=124, 361.35pt x 252.945pt>
File: graf11c-eps-converted-to.pdf Graphic file (type pdf)
<use graf11c-eps-converted-to.pdf>
Package pdftex.def Info: graf11c-eps-converted-to.pdf  used on input line 110.
(pdftex.def)             Requested size: 361.35463pt x 252.94823pt.
) (./graf11b.tex
Package epstopdf Info: Source file: <graf11b.eps>
(epstopdf)                    date: 2020-08-12 14:22:24
(epstopdf)                    size: 52370 bytes
(epstopdf)             Output file: <graf11b-eps-converted-to.pdf>
(epstopdf)                    date: 2020-08-12 14:25:00
(epstopdf)                    size: 93217 bytes
(epstopdf)             Command: <repstopdf --outfile=graf11b-eps-converted-to.p
df graf11b.eps>
(epstopdf)             \includegraphics on input line 108.
Package epstopdf Info: Output file is already uptodate.
<graf11b-eps-converted-to.pdf, id=125, 361.35pt x 252.945pt>
File: graf11b-eps-converted-to.pdf Graphic file (type pdf)
<use graf11b-eps-converted-to.pdf>
Package pdftex.def Info: graf11b-eps-converted-to.pdf  used on input line 108.
(pdftex.def)             Requested size: 361.35463pt x 252.94823pt.
) [10 <./graf10a-eps-converted-to.pdf> <./graf10b-eps-converted-to.pdf> <./graf
10c-eps-converted-to.pdf> <./graf10d-eps-converted-to.pdf>] [11 <./graf11a-eps-
converted-to.pdf> <./graf11c-eps-converted-to.pdf> <./graf11b-eps-converted-to.
pdf>]
(./print.aux) ) 
Here is how much of TeX's memory you used:
 24310 strings out of 480478
 493112 string characters out of 5905960
 747671 words of memory out of 5000000
 39729 multiletter control sequences out of 15000+600000
 556738 words of font info for 95 fonts, out of 8000000 for 9000
 1141 hyphenation exceptions out of 8191
 66i,24n,88p,467b,1091s stack positions out of 5000i,500n,10000p,200000b,80000s
{/usr/share/texmf-dist/fonts/enc/dvips/cm-super/cm-super-t1.enc}
</usr/share/texmf-dist/fonts/type1/public/bbold-type1/bbold10.pfb></usr/share/t
exmf-dist/fonts/type1/public/amsfonts/cm/cmbx10.pfb></usr/share/texmf-dist/font
s/type1/public/amsfonts/cm/cmbx5.pfb></usr/share/texmf-dist/fonts/type1/public/
amsfonts/cm/cmbx7.pfb></usr/share/texmf-dist/fonts/type1/public/amsfonts/cm/cme
x10.pfb></usr/share/texmf-dist/fonts/type1/public/amsfonts/cm/cmmi10.pfb></usr/
share/texmf-dist/fonts/type1/public/amsfonts/cm/cmmi7.pfb></usr/share/texmf-dis
t/fonts/type1/public/amsfonts/cm/cmr10.pfb></usr/share/texmf-dist/fonts/type1/p
ublic/amsfonts/cm/cmr7.pfb></usr/share/texmf-dist/fonts/type1/public/amsfonts/c
m/cmsy10.pfb></usr/share/texmf-dist/fonts/type1/public/amsfonts/cm/cmsy7.pfb></
usr/share/texmf-dist/fonts/type1/public/cm-super/sfbx1000.pfb></usr/share/texmf
-dist/fonts/type1/public/cm-super/sfbx1200.pfb></usr/share/texmf-dist/fonts/typ
e1/public/cm-super/sfbx1440.pfb></usr/share/texmf-dist/fonts/type1/public/cm-su
per/sfcc1000.pfb></usr/share/texmf-dist/fonts/type1/public/cm-super/sfrm0700.pf
b></usr/share/texmf-dist/fonts/type1/public/cm-super/sfrm1000.pfb></usr/share/t
exmf-dist/fonts/type1/public/cm-super/sfrm1200.pfb></usr/share/texmf-dist/fonts
/type1/public/cm-super/sfrm2074.pfb></usr/share/texmf-dist/fonts/type1/public/c
m-super/sfti1000.pfb></usr/share/texmf-dist/fonts/type1/public/cm-super/sftt100
0.pfb>
Output written on print.pdf (11 pages, 909961 bytes).
PDF statistics:
 207 PDF objects out of 1000 (max. 8388607)
 137 compressed objects within 2 object streams
 0 named destinations out of 1000 (max. 500000)
 183 words of extra memory for PDF output out of 10000 (max. 10000000)

